{'_target_': 'diffusion_policy.workspace.train_diffusion_unet_image_workspace.TrainDiffusionUnetImageWorkspace', 'name': 'table_cam_only_train_diffusion_unet_hybrid', 'exp_name': 'diffusion_ddim', 'task_name': 'haptic_image_teacher_aware', 'action_dim': 18, 'horizon': 16, 'n_obs_steps': 2, 'dataset_obs_steps': 2, 'n_action_steps': 8, 'n_latency_steps': 0, 'obs_as_global_cond': True, 'past_action_visible': False, 'pred_action_steps_only': False, 'abs_action': True, 'keypoint_visible_rate': 1.0, 'image_shape': [3, 480, 640], 'shape_meta': {'obs': {'table_cam': {'shape': [3, 480, 640], 'type': 'rgb'}, 'left_arm_pose': {'shape': [9], 'type': 'low_dim'}, 'right_arm_pose': {'shape': [9], 'type': 'low_dim'}}, 'action': {'shape': [18]}}, 'task': {'name': 'haptic_image_teacher_aware', 'task_name': 'bottle_pick', 'dataset_path': '/home/ali/shared_volume/punyo_style/rdda_less/_replay_buffer.zarr', 'dataset_type': 'ph', 'abs_action': True, 'shape_meta': {'obs': {'table_cam': {'shape': [3, 480, 640], 'type': 'rgb'}, 'left_arm_pose': {'shape': [9], 'type': 'low_dim'}, 'right_arm_pose': {'shape': [9], 'type': 'low_dim'}}, 'action': {'shape': [18]}}, 'dataset': {'_target_': 'diffusion_policy.dataset.haptics_dataset.AvatarHapticsImageDataset', 'dataset_path': '/home/ali/shared_volume/punyo_style/rdda_less/_replay_buffer.zarr', 'shape_meta': {'obs': {'table_cam': {'shape': [3, 480, 640], 'type': 'rgb'}, 'left_arm_pose': {'shape': [9], 'type': 'low_dim'}, 'right_arm_pose': {'shape': [9], 'type': 'low_dim'}}, 'action': {'shape': [18]}}, 'horizon': 16, 'n_obs_steps': 2, 'pad_after': 7, 'pad_before': 1, 'seed': 42, 'val_ratio': 0.02}}, 'policy': {'_target_': 'diffusion_policy.policy.diffusion_unet_image_policy.DiffusionUnetImagePolicy', 'shape_meta': {'obs': {'table_cam': {'shape': [3, 480, 640], 'type': 'rgb'}, 'left_arm_pose': {'shape': [9], 'type': 'low_dim'}, 'right_arm_pose': {'shape': [9], 'type': 'low_dim'}}, 'action': {'shape': [18]}}, 'noise_scheduler': {'_target_': 'diffusers.schedulers.scheduling_ddim.DDIMScheduler', 'num_train_timesteps': 100, 'beta_start': 0.0001, 'beta_end': 0.02, 'beta_schedule': 'squaredcos_cap_v2', 'clip_sample': True, 'set_alpha_to_one': True, 'steps_offset': 0, 'prediction_type': 'epsilon'}, 'obs_encoder': {'_target_': 'diffusion_policy.model.vision.multi_image_obs_encoder.MultiImageObsEncoder', 'shape_meta': {'obs': {'table_cam': {'shape': [3, 480, 640], 'type': 'rgb'}, 'left_arm_pose': {'shape': [9], 'type': 'low_dim'}, 'right_arm_pose': {'shape': [9], 'type': 'low_dim'}}, 'action': {'shape': [18]}}, 'rgb_model': {'_target_': 'diffusion_policy.model.vision.model_getter.get_resnet', 'name': 'resnet18', 'weights': 'IMAGENET1K_V1'}, 'resize_shape': [240, 320], 'crop_shape': [216, 288], 'random_crop': True, 'use_group_norm': True, 'share_rgb_model': False, 'imagenet_norm': True}, 'horizon': 16, 'n_action_steps': 8, 'n_obs_steps': 2, 'num_inference_steps': 100, 'obs_as_global_cond': True, 'diffusion_step_embed_dim': 128, 'down_dims': [512, 1024, 2048], 'kernel_size': 5, 'n_groups': 8, 'cond_predict_scale': True}, 'ema': {'_target_': 'diffusion_policy.model.diffusion.ema_model.EMAModel', 'update_after_step': 0, 'inv_gamma': 1.0, 'power': 0.75, 'min_value': 0.0, 'max_value': 0.9999}, 'dataloader': {'batch_size': 176, 'num_workers': 14, 'shuffle': False, 'pin_memory': False, 'persistent_workers': True}, 'val_dataloader': {'batch_size': 112, 'num_workers': 14, 'shuffle': False, 'pin_memory': False, 'persistent_workers': True}, 'optimizer': {'_target_': 'torch.optim.AdamW', 'lr': 0.0001, 'betas': [0.95, 0.999], 'eps': 1e-08, 'weight_decay': 1e-06}, 'training': {'device': 'cuda:0', 'seed': 42, 'debug': False, 'resume': True, 'lr_scheduler': 'cosine', 'lr_warmup_steps': 500, 'num_epochs': 4000, 'gradient_accumulate_every': 1, 'use_ema': True, 'freeze_encoder': False, 'rollout_every': 5, 'checkpoint_every': 50, 'val_every': 1, 'sample_every': 1, 'max_train_steps': None, 'max_val_steps': None, 'tqdm_interval_sec': 1.0}, 'logging': {'project': 'diffusion_policy_debug', 'resume': True, 'mode': 'online', 'name': '2024.10.08-17.54.41_table_cam_only_train_diffusion_unet_hybrid_haptic_image_teacher_aware', 'tags': ['table_cam_only_train_diffusion_unet_hybrid', 'haptic_image_teacher_aware', 'diffusion_ddim'], 'id': None, 'group': None}, 'checkpoint': {'topk': {'monitor_key': 'train_loss', 'mode': 'min', 'k': 5, 'format_str': 'epoch={epoch:04d}-train_loss={train_loss:.3f}.ckpt'}, 'save_last_ckpt': True, 'save_last_snapshot': False}, 'multi_run': {'run_dir': 'data/outputs/2024.10.08/17.54.41_table_cam_only_train_diffusion_unet_hybrid_haptic_image_teacher_aware', 'wandb_name_base': '2024.10.08-17.54.41_table_cam_only_train_diffusion_unet_hybrid_haptic_image_teacher_aware'}}
[INFO] [1728510400.616654]: Policy evaluated
[INFO] [1728510400.617569]: Model Loaded!
Warming up policy inference
Get obs elapsed: 0.0033701700158417225 seconds
Get obs elapsed: 0.0035072050523012877 seconds
In warming
Ready!
Started!
Get obs elapsed: 0.006104611791670322 seconds
Obs latency 0.07514810562133789
Model inference time: 0.0830614420119673 seconds
[[ 0.02180911 -0.02844022  0.01309444  0.9928255   0.1193933  -0.07256892
  -0.10240548  0.9893815   0.13742426  0.00495188 -0.02293161 -0.04049589
   0.9955726  -0.08594566 -0.0080054   0.08487575  0.99434036 -0.0614392 ]
 [ 0.02525886 -0.02702162  0.01162714  0.99090034  0.1286824  -0.0737459
  -0.11127461  0.9862061   0.13969949  0.00962317 -0.02313573 -0.04269652
   0.99233204 -0.08977398 -0.00927749  0.08938259  0.9911181  -0.06066865]
 [ 0.0310657  -0.02829366  0.00933934  0.990824    0.1357104  -0.07540206
  -0.11858822  0.9842747   0.14312167  0.00994838 -0.02560791 -0.04543264
   0.9942358  -0.09518642 -0.0109536   0.09371652  0.9931036  -0.06497049]
 [ 0.03485162 -0.02452416  0.01170427  0.9878685   0.14110173 -0.07744594
  -0.12463181  0.9839314   0.13779289  0.01296266 -0.02544512 -0.04507674
   0.9919322  -0.10027622 -0.01236336  0.09817274  0.9900022  -0.06360649]
 [ 0.03777541 -0.02289153  0.00964512  0.9864147   0.15136653 -0.08072341
  -0.13484584  0.98224014  0.13748804  0.01347098 -0.02729791 -0.04520204
   0.9934746  -0.10609384 -0.01607523  0.104872    0.99146074 -0.06415015]
 [ 0.04110309 -0.01866434  0.00876104  0.9853262   0.15484321 -0.07791239
  -0.13951208  0.98186576  0.1346835   0.01561544 -0.0280746  -0.044843
   0.9914972  -0.10778987 -0.01359278  0.10794941  0.98986256 -0.0620116 ]
 [ 0.04184815 -0.01871455  0.00765192  0.9849144   0.16048807 -0.07972025
  -0.14402172  0.98135704  0.13575922  0.01602983 -0.03093674 -0.04634241
   0.99249685 -0.11376379 -0.01375583  0.11198359  0.99138963 -0.06486338]
 [ 0.04504766 -0.01389616  0.00905074  0.983462    0.16387454 -0.07984102
  -0.1475124   0.9803422   0.13447624  0.01752823 -0.03035476 -0.046917
   0.99202245 -0.11538985 -0.01329832  0.1133278   0.98993415 -0.06284007]
 [ 0.0483508  -0.01166311  0.0054908   0.98249394  0.17117395 -0.08503315
  -0.15529817  0.9795268   0.13847573  0.0178568  -0.03215801 -0.0493461
   0.99341226 -0.12004268 -0.01957964  0.11744835  0.99069554 -0.06434324]
 [ 0.05088301 -0.0077523   0.00204494  0.98167944  0.17623717 -0.08476442
  -0.16160318  0.9791679   0.1383105   0.01833849 -0.03242616 -0.0522548
   0.9917267  -0.12101602 -0.02276525  0.12111183  0.9882809  -0.06208785]
 [ 0.05128068 -0.00764372 -0.00392974  0.98030365  0.18256566 -0.0907352
  -0.16677745  0.97885525  0.13990113  0.01878401 -0.03373718 -0.05653573
   0.99215716 -0.1274693  -0.02862619  0.12305561  0.98994356 -0.06528927]
 [ 0.05125954 -0.00832486 -0.01806499  0.97680396  0.19560987 -0.10601708
  -0.17814806  0.97777873  0.13956171  0.01905777 -0.03987845 -0.06315637
   0.99280196 -0.13701794 -0.0322657   0.1368831   0.98746145 -0.06505791]
 [ 0.05102696 -0.0097179  -0.02957771  0.97145367  0.21227567 -0.1208715
  -0.18990947  0.97169924  0.14749317  0.01624511 -0.04458409 -0.06994321
   0.98862094 -0.14428516 -0.04138725  0.14395556  0.98318183 -0.07533754]]
{'left_cam': array([[[ 64,  86,  89],
        [ 62,  84,  87],
        [ 69,  78,  88],
        ...,
        [ 50,  44,  50],
        [ 45,  45,  49],
        [ 44,  44,  48]],

       [[ 62,  84,  87],
        [ 64,  86,  89],
        [ 70,  84,  88],
        ...,
        [ 54,  48,  52],
        [ 51,  51,  55],
        [ 40,  40,  44]],

       [[ 62,  78,  86],
        [ 63,  79,  87],
        [ 67,  81,  85],
        ...,
        [ 66,  55,  61],
        [ 60,  58,  65],
        [ 94,  92,  99]],

       ...,

       [[132, 146, 148],
        [132, 146, 148],
        [127, 144, 145],
        ...,
        [147, 148, 139],
        [151, 153, 144],
        [150, 152, 143]],

       [[128, 145, 146],
        [127, 144, 145],
        [128, 145, 146],
        ...,
        [148, 149, 138],
        [151, 155, 148],
        [144, 148, 141]],

       [[131, 148, 149],
        [128, 145, 146],
        [130, 147, 150],
        ...,
        [155, 153, 143],
        [149, 157, 146],
        [145, 153, 142]]], dtype=uint8), 'right_cam': array([[[ 62,  67,  72],
        [ 63,  68,  73],
        [ 62,  69,  73],
        ...,
        [ 53,  87, 136],
        [ 44,  87, 138],
        [ 47,  90, 141]],

       [[ 66,  69,  72],
        [ 65,  68,  71],
        [ 62,  70,  71],
        ...,
        [ 61,  93, 141],
        [ 49,  88, 137],
        [ 54,  93, 142]],

       [[ 67,  70,  73],
        [ 67,  70,  73],
        [ 67,  70,  71],
        ...,
        [ 67, 100, 145],
        [ 63, 100, 146],
        [ 62,  99, 145]],

       ...,

       [[132, 134, 121],
        [125, 127, 114],
        [125, 127, 114],
        ...,
        [199, 200, 194],
        [194, 195, 189],
        [193, 194, 188]],

       [[126, 128, 115],
        [125, 127, 114],
        [128, 130, 117],
        ...,
        [197, 198, 192],
        [197, 198, 192],
        [194, 195, 189]],

       [[129, 131, 118],
        [128, 130, 117],
        [128, 130, 117],
        ...,
        [193, 197, 192],
        [193, 197, 192],
        [193, 197, 192]]], dtype=uint8), 'table_cam': array([[[ 66,  74,  73],
        [ 66,  74,  73],
        [ 63,  71,  72],
        ...,
        [ 23,  36,  35],
        [ 18,  36,  34],
        [ 17,  35,  33]],

       [[ 61,  72,  72],
        [ 59,  70,  70],
        [ 57,  64,  68],
        ...,
        [ 21,  36,  33],
        [ 19,  34,  31],
        [ 19,  34,  31]],

       [[ 59,  69,  72],
        [ 54,  64,  67],
        [ 54,  64,  67],
        ...,
        [ 21,  36,  35],
        [ 19,  34,  31],
        [ 19,  34,  31]],

       ...,

       [[108, 108, 102],
        [110, 110, 104],
        [110, 111, 105],
        ...,
        [200, 191, 186],
        [202, 193, 188],
        [201, 192, 187]],

       [[106, 106, 100],
        [109, 109, 103],
        [110, 110, 104],
        ...,
        [199, 190, 185],
        [200, 191, 186],
        [200, 191, 186]],

       [[110, 110, 104],
        [109, 109, 103],
        [109, 109, 103],
        ...,
        [201, 191, 189],
        [203, 193, 191],
        [200, 190, 188]]], dtype=uint8), 'rdda_left_obs': array([-2.79258134e-02, -2.67581473e-02,  1.28854386e-05]), 'rdda_right_obs': array([-0.02513397, -0.02739935,  0.02058541]), 'left_arm_pose': array([ 2.80245189e-03, -9.70112719e-04,  3.95869389e-03,  9.99927816e-01,
       -1.19588449e-02,  1.16139092e-03,  1.19603464e-02,  9.99927634e-01,
       -1.29460401e-03]), 'right_arm_pose': array([ 0.00282376, -0.00147944,  0.00357275,  0.99994288,  0.00876939,
       -0.00611051, -0.00873933,  0.99994967,  0.00492859]), 'timestamp': 1728510401.9015872}
Action shape:  (13, 24) 24
shape of left gripper action:  (13, 3)
interpolated len of left gripper action:  169
All actions published successfully!
Get obs elapsed: 0.003316005924716592 seconds
Obs latency 0.06587076187133789
Model inference time: 0.08281513303518295 seconds
[[ 0.02028418 -0.02823712  0.01389542  0.99242383  0.11798441 -0.07206384
  -0.10188043  0.9883569   0.13698797  0.00488174 -0.02259032 -0.0409776
   0.9946987  -0.08556031 -0.00800113  0.08345962  0.9936385  -0.06128603]
 [ 0.02595664 -0.02733608  0.01122084  0.99113715  0.12799063 -0.0731328
  -0.11150555  0.98598737  0.13886553  0.00919809 -0.02372815 -0.0428594
   0.9918403  -0.09047402 -0.00858479  0.08962715  0.9919848  -0.05979251]
 [ 0.03181791 -0.02789311  0.00946648  0.99063796  0.13601503 -0.07599146
  -0.11858236  0.9843412   0.14077252  0.00944254 -0.02599033 -0.04525662
   0.9931061  -0.09614731 -0.01157523  0.09531555  0.99293196 -0.06533077]
 [ 0.03400302 -0.02506814  0.01139177  0.98823977  0.141217   -0.07490672
  -0.1249356   0.98483443  0.13691083  0.01274079 -0.02565991 -0.04600519
   0.99211156 -0.09928045 -0.01265358  0.09741867  0.9904514  -0.06294134]
 [ 0.03772411 -0.0242031   0.00898699  0.9858513   0.15045996 -0.08036983
  -0.13480091  0.9825539   0.1375904   0.01467431 -0.02809786 -0.04639062
   0.9927202  -0.10636593 -0.0154942   0.10485322  0.99096364 -0.06389408]
 [ 0.04104316 -0.01893476  0.01046345  0.9850526   0.15736395 -0.07821709
  -0.13989715  0.98138255  0.13708884  0.01567846 -0.02753081 -0.0455314
   0.99111676 -0.11028291 -0.01297601  0.10905034  0.9896316  -0.06383534]
 [ 0.04392692 -0.01755988  0.00868849  0.98526627  0.16300136 -0.08036418
  -0.14548519  0.9811266   0.13538978  0.01681328 -0.031602   -0.04615411
   0.9933802  -0.11491037 -0.01373025  0.11274054  0.98993134 -0.06561685]
 [ 0.04612072 -0.01367463  0.01009464  0.9837174   0.16380446 -0.07889987
  -0.14770746  0.9817864   0.13303415  0.01831588 -0.0290477  -0.04654375
   0.9908159  -0.1154218  -0.0126402   0.11349101  0.98838305 -0.06261011]
 [ 0.04840793 -0.01220871  0.00564916  0.98191446  0.1709451  -0.08509635
  -0.15489453  0.97918814  0.137566    0.01918676 -0.03186254 -0.04972114
   0.9930823  -0.12013781 -0.01980761  0.11766172  0.9893495  -0.0638776 ]
 [ 0.05224598 -0.00634472  0.00351727  0.98143387  0.17571321 -0.0847662
  -0.16211103  0.9787526   0.13654308  0.01866644 -0.03256621 -0.05116486
   0.98961663 -0.12244057 -0.0219043   0.12097837  0.9886004  -0.064282  ]
 [ 0.05235072 -0.00742358 -0.00387157  0.9811835   0.18275248 -0.0905202
  -0.16764404  0.97796947  0.13995004  0.01840086 -0.03411151 -0.05614335
   0.9922424  -0.12705544 -0.02678449  0.12358898  0.9898506  -0.06564271]
 [ 0.05189729 -0.00728421 -0.01837613  0.9763647   0.19614215 -0.1058697
  -0.17842233  0.9776259   0.13897634  0.01943881 -0.03930518 -0.06217894
   0.9926465  -0.13666363 -0.03194487  0.13680801  0.9881422  -0.06594454]
 [ 0.05123679 -0.00880027 -0.02951826  0.9705775   0.21385765 -0.12124698
  -0.18970014  0.97139513  0.14784798  0.01663095 -0.04375979 -0.07004842
   0.9895089  -0.14496067 -0.04143924  0.14362313  0.9837234  -0.07498863]]
{'left_cam': array([[[ 77,  71,  75],
        [ 76,  70,  74],
        [ 73,  67,  71],
        ...,
        [ 87,  23,  36],
        [ 93,  26,  36],
        [ 94,  27,  37]],

       [[ 78,  72,  74],
        [ 78,  72,  74],
        [ 77,  71,  73],
        ...,
        [ 82,  20,  32],
        [ 85,  21,  30],
        [ 90,  26,  35]],

       [[ 80,  75,  71],
        [ 79,  74,  70],
        [ 79,  74,  70],
        ...,
        [ 82,  22,  32],
        [ 85,  21,  32],
        [ 85,  21,  32]],

       ...,

       [[134, 147, 158],
        [135, 148, 159],
        [137, 147, 154],
        ...,
        [135, 139, 132],
        [135, 139, 134],
        [137, 141, 136]],

       [[135, 149, 155],
        [137, 151, 157],
        [138, 148, 153],
        ...,
        [127, 134, 126],
        [132, 139, 133],
        [135, 142, 136]],

       [[136, 150, 152],
        [135, 149, 151],
        [134, 148, 150],
        ...,
        [127, 134, 128],
        [131, 138, 132],
        [138, 145, 139]]], dtype=uint8), 'right_cam': array([[[ 92, 111, 113],
        [ 95, 114, 116],
        [ 98, 112, 116],
        ...,
        [ 19,  24,  44],
        [ 20,  28,  45],
        [ 24,  32,  49]],

       [[ 95, 112, 115],
        [ 97, 114, 117],
        [ 97, 111, 115],
        ...,
        [ 16,  24,  41],
        [ 16,  24,  41],
        [ 17,  25,  42]],

       [[ 94, 108, 114],
        [ 98, 112, 118],
        [ 97, 111, 117],
        ...,
        [ 17,  26,  38],
        [ 12,  20,  35],
        [ 13,  21,  36]],

       ...,

       [[100, 110,  98],
        [105, 115, 103],
        [100, 108,  97],
        ...,
        [191, 198, 192],
        [190, 197, 191],
        [191, 198, 192]],

       [[ 93, 103,  91],
        [103, 113, 101],
        [103, 111, 100],
        ...,
        [192, 199, 193],
        [191, 198, 192],
        [189, 196, 190]],

       [[ 95, 105,  93],
        [100, 110,  98],
        [106, 114, 103],
        ...,
        [191, 198, 192],
        [191, 198, 192],
        [191, 198, 192]]], dtype=uint8), 'table_cam': array([[[ 60,  67,  73],
        [ 60,  67,  73],
        [ 59,  66,  72],
        ...,
        [ 24,  35,  35],
        [ 17,  32,  31],
        [ 14,  29,  28]],

       [[ 58,  68,  71],
        [ 58,  68,  71],
        [ 55,  65,  68],
        ...,
        [ 22,  30,  31],
        [ 15,  30,  29],
        [ 14,  29,  28]],

       [[ 58,  69,  69],
        [ 57,  68,  68],
        [ 57,  69,  71],
        ...,
        [ 17,  25,  26],
        [ 12,  24,  26],
        [ 14,  26,  28]],

       ...,

       [[104, 104,  98],
        [110, 110, 104],
        [110, 111, 105],
        ...,
        [199, 191, 188],
        [200, 192, 189],
        [198, 190, 187]],

       [[104, 105,  96],
        [106, 107,  98],
        [108, 110, 101],
        ...,
        [200, 192, 189],
        [198, 190, 187],
        [196, 188, 185]],

       [[105, 106,  97],
        [106, 107,  98],
        [108, 109, 100],
        ...,
        [200, 192, 189],
        [203, 196, 190],
        [199, 192, 186]]], dtype=uint8), 'rdda_left_obs': array([-2.80288970e-02, -2.69544968e-02,  5.52233084e-06]), 'rdda_right_obs': array([-0.02586967, -0.0276184 ,  0.01973313]), 'left_arm_pose': array([ 0.0161101 , -0.04542163, -0.06401855,  0.98961963, -0.02075386,
        0.14220501,  0.01809538,  0.99963696,  0.01996256]), 'right_arm_pose': array([ 0.05048701, -0.0140834 , -0.02739563,  0.9937849 ,  0.10153329,
        0.0456351 , -0.10915202,  0.96927143,  0.22045118]), 'timestamp': 1728510403.709791}
Action shape:  (13, 24) 24
shape of left gripper action:  (13, 3)
interpolated len of left gripper action:  169
All actions published successfully!
Get obs elapsed: 0.00571344094350934 seconds
Obs latency 0.07953119277954102
Model inference time: 0.08235548110678792 seconds
[[ 0.02087888 -0.02875412  0.01295242  0.99328816  0.1183321  -0.07243002
  -0.10236801  0.9890206   0.138793    0.00584571 -0.02252845 -0.04109895
   0.99483216 -0.08672588 -0.00777677  0.08540359  0.9945093  -0.06186124]
 [ 0.02781307 -0.02759103  0.01176215  0.9912022   0.12927139 -0.0733721
  -0.11242274  0.98584425  0.13901092  0.00965448 -0.02293731 -0.04302689
   0.9917658  -0.09077249 -0.00886528  0.09046834  0.9915929  -0.06028495]
 [ 0.03152486 -0.0273129   0.00925486  0.9910578   0.13435957 -0.07578532
  -0.11875468  0.98392415  0.14098264  0.01023634 -0.02529205 -0.0447331
   0.99444425 -0.09548346 -0.01041024  0.09310485  0.9928522  -0.06461857]
 [ 0.03427374 -0.02361156  0.01057511  0.988507    0.13956086 -0.07650825
  -0.12450133  0.9839439   0.1376227   0.01278031 -0.02679526 -0.04433944
   0.99329    -0.09895753 -0.0129156   0.09785628  0.9907873  -0.06265036]
 [ 0.03830813 -0.02244131  0.00892848  0.9872024   0.15049693 -0.0801872
  -0.1352073   0.98209673  0.13860925  0.01489627 -0.02825144 -0.04675893
   0.99286675 -0.10602213 -0.01531749  0.10605575  0.99239224 -0.0643069 ]
 [ 0.04107059 -0.0180558   0.01071791  0.98581105  0.15490255 -0.07699076
  -0.1409568   0.98166394  0.13398084  0.0155632  -0.02827839 -0.04571226
   0.9912319  -0.10916179 -0.01111719  0.10842618  0.9897762  -0.06257445]
 [ 0.0428515  -0.01784769  0.00816102  0.98537123  0.16097882 -0.08040106
  -0.14437838  0.9806876   0.13416949  0.01687941 -0.03092405 -0.04654237
   0.9923609  -0.11448203 -0.01361276  0.11186998  0.9912308  -0.06574161]
 [ 0.04536538 -0.01272123  0.00939506  0.9841673   0.16311666 -0.07883666
  -0.14752883  0.981005    0.1330379   0.01815038 -0.02932283 -0.04753159
   0.99126905 -0.11455988 -0.01287993  0.11292486  0.98913884 -0.06314892]
 [ 0.04751874 -0.01124731  0.00545014  0.9835267   0.16954374 -0.08436416
  -0.1547282   0.979485    0.136258    0.01688844 -0.03223107 -0.04974987
   0.9923738  -0.12007309 -0.0191076   0.11706619  0.99111235 -0.06379045]
 [ 0.05151677 -0.00715713  0.00175969  0.9814144   0.17485039 -0.08577875
  -0.16153282  0.9788463   0.1378171   0.01881855 -0.03296415 -0.05140201
   0.99048984 -0.12220233 -0.02182675  0.11998494  0.98969585 -0.06435031]
 [ 0.05222744 -0.00713617 -0.00518254  0.98109883  0.1812932  -0.09176183
  -0.16678518  0.97847193  0.13854116  0.01986437 -0.03413939 -0.05663641
   0.99203056 -0.1266165  -0.02772349  0.12376957  0.9897151  -0.06552672]
 [ 0.0507319  -0.00746043 -0.01849577  0.97612715  0.1954757  -0.10587596
  -0.17871188  0.9786491   0.13885598  0.01896209 -0.03921118 -0.06319003
   0.9926084  -0.13699532 -0.03322587  0.13605422  0.9873839  -0.06511599]
 [ 0.05108754 -0.00954849 -0.03002661  0.9705093   0.21279417 -0.12182871
  -0.18974577  0.9711088   0.14700864  0.01677652 -0.04433156 -0.07053901
   0.98903143 -0.1443755  -0.04178546  0.14371786  0.9833649  -0.07478141]]
{'left_cam': array([[[ 75,  71,  62],
        [ 72,  68,  59],
        [ 74,  66,  63],
        ...,
        [ 73,  23,  29],
        [ 83,  21,  31],
        [ 84,  22,  32]],

       [[ 72,  70,  60],
        [ 72,  70,  60],
        [ 76,  72,  65],
        ...,
        [ 69,  26,  30],
        [ 78,  21,  30],
        [ 78,  21,  30]],

       [[ 78,  76,  64],
        [ 74,  72,  60],
        [ 72,  73,  62],
        ...,
        [ 72,  36,  40],
        [ 83,  33,  41],
        [ 81,  31,  39]],

       ...,

       [[130, 148, 146],
        [133, 151, 149],
        [134, 148, 150],
        ...,
        [130, 134, 127],
        [135, 140, 130],
        [130, 135, 125]],

       [[137, 151, 153],
        [135, 149, 151],
        [131, 148, 151],
        ...,
        [135, 139, 132],
        [133, 138, 128],
        [135, 140, 130]],

       [[134, 148, 152],
        [135, 149, 153],
        [132, 149, 154],
        ...,
        [137, 141, 134],
        [134, 139, 129],
        [133, 138, 128]]], dtype=uint8), 'right_cam': array([[[105, 110, 115],
        [105, 110, 115],
        [106, 112, 114],
        ...,
        [ 28,  42,  48],
        [ 41,  44,  45],
        [ 41,  44,  45]],

       [[104, 109, 114],
        [107, 112, 117],
        [108, 114, 116],
        ...,
        [ 23,  37,  43],
        [ 33,  40,  44],
        [ 35,  42,  46]],

       [[103, 110, 114],
        [103, 110, 114],
        [103, 110, 114],
        ...,
        [ 22,  34,  40],
        [ 27,  34,  38],
        [ 28,  35,  39]],

       ...,

       [[111, 113, 104],
        [112, 114, 105],
        [109, 114, 104],
        ...,
        [195, 199, 194],
        [193, 197, 192],
        [194, 198, 193]],

       [[114, 116, 105],
        [111, 113, 102],
        [109, 114, 102],
        ...,
        [191, 195, 190],
        [193, 197, 192],
        [193, 197, 192]],

       [[108, 110,  99],
        [114, 116, 105],
        [112, 117, 105],
        ...,
        [193, 197, 192],
        [197, 201, 196],
        [194, 198, 193]]], dtype=uint8), 'table_cam': array([[[ 59,  67,  66],
        [ 61,  69,  68],
        [ 58,  69,  69],
        ...,
        [ 27,  31,  24],
        [ 21,  29,  28],
        [ 17,  25,  24]],

       [[ 55,  66,  66],
        [ 55,  66,  66],
        [ 57,  68,  68],
        ...,
        [ 20,  27,  21],
        [ 17,  28,  26],
        [ 15,  26,  24]],

       [[ 57,  67,  70],
        [ 58,  68,  71],
        [ 58,  68,  71],
        ...,
        [ 19,  27,  26],
        [ 15,  28,  27],
        [ 14,  27,  26]],

       ...,

       [[107, 108, 104],
        [105, 106, 102],
        [108, 109, 105],
        ...,
        [202, 192, 190],
        [203, 194, 189],
        [201, 192, 187]],

       [[102, 106, 101],
        [102, 106, 101],
        [106, 110, 105],
        ...,
        [201, 192, 187],
        [200, 191, 186],
        [197, 188, 183]],

       [[107, 111, 106],
        [102, 106, 101],
        [107, 108, 104],
        ...,
        [201, 192, 187],
        [203, 194, 189],
        [199, 190, 185]]], dtype=uint8), 'rdda_left_obs': array([-2.80448504e-02, -2.69139997e-02,  6.74951547e-06]), 'rdda_right_obs': array([-0.02575186, -0.0275957 ,  0.01953003]), 'left_arm_pose': array([ 0.01610868, -0.04392308, -0.06353356,  0.98948544, -0.01999698,
        0.14324346,  0.01756738,  0.99967991,  0.01820622]), 'right_arm_pose': array([ 0.0520176 , -0.01390854, -0.02678648,  0.99398471,  0.10153288,
        0.04105447, -0.10799507,  0.97099781,  0.21330801]), 'timestamp': 1728510405.4956284}
Action shape:  (13, 24) 24
shape of left gripper action:  (13, 3)
interpolated len of left gripper action:  169
All actions published successfully!
Get obs elapsed: 0.0055440878495574 seconds
Obs latency 0.0740358829498291
Model inference time: 0.08165915310382843 seconds
[[ 0.02099518 -0.02842264  0.01389812  0.9934534   0.11837194 -0.07199377
  -0.10217909  0.9881742   0.13604979  0.00708214 -0.02328772 -0.03984319
   0.9941989  -0.08666556 -0.00770646  0.08475809  0.9933922  -0.06261156]
 [ 0.02662123 -0.0268963   0.01224287  0.9913775   0.12803635 -0.07198606
  -0.11105596  0.9859491   0.14000127  0.0093264  -0.023661   -0.04202361
   0.99152774 -0.09060665 -0.00775193  0.09015036  0.99091274 -0.06081055]
 [ 0.03076502 -0.02913515  0.01038761  0.9912789   0.13680291 -0.07360007
  -0.11802755  0.984727    0.14209469  0.00967182 -0.02583472 -0.04530395
   0.99348557 -0.09662626 -0.01146317  0.0948953   0.99349636 -0.06508099]
 [ 0.03336109 -0.02372672  0.01115731  0.98824245  0.14106731 -0.07767425
  -0.12520243  0.98408955  0.13732253  0.01267632 -0.02437927 -0.04324333
   0.9928994  -0.10024237 -0.01239661  0.09865692  0.99069816 -0.06373207]
 [ 0.03713324 -0.02177642  0.00937309  0.9864748   0.15157625 -0.08059702
  -0.1355785   0.9816655   0.13779448  0.0146877  -0.02835971 -0.0446768
   0.9927231  -0.10596932 -0.01609081  0.10443878  0.9916135  -0.06472269]
 [ 0.04069401 -0.01833256  0.01119249  0.98521304  0.15625145 -0.07692365
  -0.13925268  0.98200935  0.13613339  0.01460206 -0.02877039 -0.04519566
   0.9916121  -0.1095037  -0.01315841  0.10894009  0.99068105 -0.06263185]
 [ 0.04140779 -0.01772575  0.00923655  0.985613    0.16206169 -0.08003233
  -0.14482355  0.9812757   0.13543756  0.0163745  -0.02908429 -0.04591645
   0.9935906  -0.11574897 -0.01449776  0.11105619  0.9922069  -0.06546397]
 [ 0.04362771 -0.01303275  0.00818353  0.9825018   0.1629114  -0.08026796
  -0.14864449  0.9802282   0.1320448   0.01814323 -0.0305221  -0.04644659
   0.9906152  -0.11520758 -0.01452783  0.11262738  0.99109244 -0.06420399]
 [ 0.04664115 -0.01119686  0.00600234  0.9832165   0.17042914 -0.08431686
  -0.15596128  0.9786335   0.13803104  0.01615276 -0.03205771 -0.05068194
   0.99392086 -0.12095812 -0.01895406  0.11794953  0.9929286  -0.06493122]
 [ 0.05015546 -0.00863696  0.0028585   0.9816102   0.17635126 -0.08599702
  -0.16198534  0.97877246  0.13685314  0.0168872  -0.03412387 -0.05143769
   0.990798   -0.12070641 -0.0217748   0.12130938  0.9896202  -0.063992  ]
 [ 0.05189264 -0.00687346 -0.00504146  0.98149145  0.18104525 -0.09294757
  -0.16695563  0.97855246  0.13930099  0.01943562 -0.03395227 -0.05599441
   0.99192476 -0.12647884 -0.02719233  0.12163101  0.9900244  -0.06523004]
 [ 0.05111115 -0.00742548 -0.01816539  0.97676986  0.19509894 -0.10603615
  -0.17838448  0.97833776  0.13822986  0.01832415 -0.03943681 -0.06311657
   0.99210066 -0.13682114 -0.03181027  0.13524516  0.98735416 -0.06484453]
 [ 0.05049346 -0.00980407 -0.028909    0.9711031   0.21274573 -0.12205484
  -0.18920013  0.97187066  0.14624913  0.01587025 -0.04419999 -0.0709733
   0.98851377 -0.14426655 -0.04121435  0.1429702   0.983352   -0.0749772 ]]
